Server running at http://localhost:5001/
[2025-12-13T13:41:42.012Z] GET /
[2025-12-13T13:41:42.687Z] GET /styles.css
[2025-12-13T13:41:42.695Z] GET /script.js
[2025-12-13T13:42:04.255Z] POST /submit
[2025-12-13T14:00:01.315Z] GET /
[2025-12-13T14:00:01.883Z] GET /styles.css
[2025-12-13T14:00:01.904Z] GET /script.js
[2025-12-13T14:11:14.771Z] GET /
[2025-12-13T14:11:16.427Z] GET /styles.css
[2025-12-13T14:11:16.432Z] GET /script.js
[2025-12-13T14:42:17.020Z] GET /styles.css
[2025-12-13T14:42:17.101Z] GET /script.js
[2025-12-13T14:42:28.680Z] POST /submit
[2025-12-13T14:43:42.185Z] POST /submit
[2025-12-13T15:01:09.257Z] POST /submit
[2025-12-13T15:08:37.996Z] POST /submit
[2025-12-13T15:09:43.309Z] POST /submit
[2025-12-13T15:12:47.287Z] GET /
[2025-12-13T15:12:47.810Z] GET /styles.css
[2025-12-13T15:12:48.044Z] GET /script.js
[2025-12-13T15:22:06.015Z] POST /submit
[2025-12-13T15:32:21.788Z] GET /
[2025-12-13T15:32:22.725Z] GET /styles.css
[2025-12-13T15:32:22.730Z] GET /script.js
[2025-12-13T15:34:13.016Z] GET /
[2025-12-13T15:34:13.461Z] GET /styles.css
[2025-12-13T15:34:13.483Z] GET /script.js
[2025-12-13T15:34:37.063Z] GET /
[2025-12-13T15:34:38.125Z] GET /styles.css
[2025-12-13T15:34:38.134Z] GET /script.js
[2025-12-13T15:35:40.603Z] GET /
[2025-12-13T15:35:40.743Z] GET /styles.css
[2025-12-13T15:35:40.746Z] GET /script.js
[2025-12-13T15:35:47.798Z] POST /submit
[2025-12-13T15:36:35.002Z] GET /
[2025-12-13T15:36:35.238Z] GET /styles.css
[2025-12-13T15:36:35.241Z] GET /script.js
[2025-12-13T15:36:59.323Z] GET /
[2025-12-13T15:36:59.564Z] GET /
[2025-12-13T15:36:59.804Z] GET /styles.css
[2025-12-13T15:36:59.810Z] GET /script.js
[2025-12-13T15:40:36.196Z] GET /
[2025-12-13T15:40:37.615Z] GET /styles.css
[2025-12-13T15:40:37.619Z] GET /script.js
[2025-12-13T15:44:25.851Z] GET /
[2025-12-13T15:44:25.987Z] GET /styles.css
[2025-12-13T15:44:25.988Z] GET /script.js
[2025-12-13T15:44:41.942Z] POST /submit
[2025-12-13T15:48:57.672Z] GET /
[2025-12-13T15:48:59.561Z] GET /styles.css
[2025-12-13T15:48:59.579Z] GET /script.js
[2025-12-13T15:49:05.194Z] GET /
[2025-12-13T15:49:05.246Z] GET /styles.css
[2025-12-13T15:49:05.249Z] GET /script.js
[2025-12-13T15:49:09.681Z] GET /history
[2025-12-13T15:49:09.681Z] Not found: /Users/hrushikeshgangala/Downloads/moonbase_er-main/Gangala's Expense Tracker/history
[2025-12-13T15:49:13.323Z] GET /
[2025-12-13T15:49:13.382Z] GET /styles.css
[2025-12-13T15:49:13.387Z] GET /script.js
[2025-12-13T15:51:39.505Z] GET /
[2025-12-13T15:51:39.916Z] GET /styles.css
[2025-12-13T15:51:39.933Z] GET /script.js
[2025-12-13T15:51:48.593Z] GET /
[2025-12-13T15:51:48.808Z] GET /styles.css
[2025-12-13T15:51:48.850Z] GET /script.js
[2025-12-13T15:52:18.543Z] POST /submit
[2025-12-13T15:54:38.797Z] POST /submit
[2025-12-13T15:55:51.563Z] GET /
[2025-12-13T15:55:52.108Z] GET /styles.css
[2025-12-13T15:55:52.111Z] GET /script.js
[2025-12-13T15:55:59.315Z] POST /submit
[2025-12-13T15:59:23.322Z] GET /
[2025-12-13T15:59:23.925Z] GET /styles.css
[2025-12-13T15:59:23.930Z] GET /script.js
[2025-12-13T16:01:50.061Z] GET /
[2025-12-13T16:01:51.235Z] GET /styles.css
[2025-12-13T16:01:51.240Z] GET /script.js
[2025-12-13T16:02:43.168Z] GET /
[2025-12-13T16:02:43.943Z] GET /styles.css
[2025-12-13T16:02:43.957Z] GET /script.js
[2025-12-13T16:04:37.414Z] POST /submit
[2025-12-13T16:04:54.475Z] POST /submit
[2025-12-13T16:05:09.609Z] POST /submit
[2025-12-13T16:13:22.360Z] GET /
[2025-12-13T16:13:23.129Z] GET /styles.css
[2025-12-13T16:13:23.138Z] GET /script.js
[2025-12-13T16:14:02.081Z] GET /
[2025-12-13T16:14:02.616Z] GET /styles.css
[2025-12-13T16:14:02.632Z] GET /script.js
[2025-12-13T16:14:16.858Z] POST /submit
[2025-12-13T16:14:29.055Z] POST /submit
[2025-12-13T16:14:56.591Z] GET /
[2025-12-13T16:14:56.953Z] GET /styles.css
[2025-12-13T16:14:56.960Z] GET /script.js
[2025-12-13T16:15:15.247Z] POST /submit
[2025-12-13T16:15:33.926Z] POST /submit
[2025-12-13T16:16:06.000Z] POST /submit
[2025-12-13T16:18:42.758Z] GET /
[2025-12-13T16:18:44.378Z] GET /styles.css
[2025-12-13T16:18:44.379Z] GET /script.js
[2025-12-13T16:20:55.318Z] GET /
[2025-12-13T16:20:56.039Z] GET /styles.css
[2025-12-13T16:20:56.050Z] GET /script.js
[2025-12-13T16:21:49.204Z] GET /
[2025-12-13T16:21:50.365Z] GET /styles.css
[2025-12-13T16:21:50.367Z] GET /script.js
[2025-12-13T16:22:18.797Z] GET /
[2025-12-13T16:22:19.085Z] GET /styles.css
[2025-12-13T16:22:19.101Z] GET /script.js
[2025-12-13T16:40:12.580Z] GET /
[2025-12-13T16:40:14.203Z] GET /styles.css
[2025-12-13T16:40:14.222Z] GET /script.js
[2025-12-13T16:45:39.166Z] GET /
[2025-12-13T16:45:40.340Z] GET /styles.css
[2025-12-13T16:45:40.361Z] GET /script.js
[2025-12-13T16:46:02.059Z] GET /
[2025-12-13T16:46:02.208Z] GET /styles.css
[2025-12-13T16:46:02.217Z] GET /script.js
[2025-12-13T16:47:32.031Z] GET /
[2025-12-13T16:47:32.429Z] GET /styles.css
[2025-12-13T16:47:32.438Z] GET /script.js
[2025-12-13T16:47:39.210Z] GET /
[2025-12-13T16:47:39.364Z] GET /styles.css
[2025-12-13T16:47:39.366Z] GET /script.js
[2025-12-13T16:49:28.552Z] GET /
[2025-12-13T16:49:29.106Z] GET /styles.css
[2025-12-13T16:49:29.120Z] GET /script.js
[2025-12-13T16:51:09.190Z] GET /
[2025-12-13T16:51:10.744Z] GET /styles.css
[2025-12-13T16:51:10.751Z] GET /script.js
[2025-12-13T16:51:29.794Z] GET /
[2025-12-13T16:51:30.282Z] GET /styles.css
[2025-12-13T16:51:30.286Z] GET /script.js
[2025-12-13T16:58:24.863Z] GET /
[2025-12-13T16:58:27.209Z] GET /styles.css
[2025-12-13T16:58:27.211Z] GET /script.js
[2025-12-13T16:58:27.298Z] GET /api/expenses
[2025-12-13T16:58:27.298Z] Not found: /Users/hrushikeshgangala/Downloads/moonbase_er-main/Gangala's Expense Tracker/api/expenses
[2025-12-13T16:58:34.738Z] POST /api/scan-receipt
[2025-12-13T16:58:34.738Z] Not found: /Users/hrushikeshgangala/Downloads/moonbase_er-main/Gangala's Expense Tracker/api/scan-receipt
[2025-12-13T16:59:04.166Z] POST /api/scan-receipt
[2025-12-13T16:59:04.166Z] Not found: /Users/hrushikeshgangala/Downloads/moonbase_er-main/Gangala's Expense Tracker/api/scan-receipt
[2025-12-13T16:59:04.243Z] POST /api/scan-receipt
[2025-12-13T16:59:04.243Z] Not found: /Users/hrushikeshgangala/Downloads/moonbase_er-main/Gangala's Expense Tracker/api/scan-receipt
[2025-12-13T16:59:04.246Z] POST /api/scan-receipt
[2025-12-13T16:59:04.246Z] Not found: /Users/hrushikeshgangala/Downloads/moonbase_er-main/Gangala's Expense Tracker/api/scan-receipt
[2025-12-13T16:59:04.250Z] POST /api/scan-receipt
[2025-12-13T16:59:04.250Z] Not found: /Users/hrushikeshgangala/Downloads/moonbase_er-main/Gangala's Expense Tracker/api/scan-receipt
[2025-12-13T17:02:53.794Z] GET /
[2025-12-13T17:02:53.932Z] GET /styles.css
[2025-12-13T17:02:53.934Z] GET /script.js
[2025-12-13T17:09:29.681Z] GET /
[2025-12-13T17:09:31.493Z] GET /
[2025-12-13T17:09:32.673Z] GET /styles.css
[2025-12-13T17:09:32.682Z] GET /script.js
[2025-12-13T17:09:33.073Z] GET /
[2025-12-13T17:09:33.141Z] GET /styles.css
[2025-12-13T17:09:57.340Z] POST /submit
[2025-12-14T11:58:00.105Z] GET /
[2025-12-14T11:58:00.165Z] GET /
[2025-12-14T11:58:00.785Z] GET /styles.css
[2025-12-14T11:58:00.790Z] GET /script.js
